<?xml version="1.0" encoding="UTF-8"?>
<coverage generated="1575652469256" clover="3.2.0">
  <project timestamp="1575652469256" name="All files">
    <metrics statements="9" coveredstatements="5" conditionals="0" coveredconditionals="0" methods="5" coveredmethods="1" elements="14" coveredelements="6" complexity="0" loc="9" ncloc="9" packages="2" files="2" classes="2"/>
    <package name="models">
      <metrics statements="7" coveredstatements="3" conditionals="0" coveredconditionals="0" methods="4" coveredmethods="0"/>
      <file name="task.model.ts" path="/Users/victorisaikin/Web/Node/Project/back-app-RestAPI-legendcity/src/models/task.model.ts">
        <metrics statements="7" coveredstatements="3" conditionals="0" coveredconditionals="0" methods="4" coveredmethods="0"/>
        <line num="24" count="1" type="stmt"/>
        <line num="25" count="1" type="stmt"/>
        <line num="26" count="1" type="stmt"/>
        <line num="36" count="0" type="stmt"/>
        <line num="40" count="0" type="stmt"/>
        <line num="48" count="0" type="stmt"/>
        <line num="52" count="0" type="stmt"/>
      </file>
    </package>
    <package name="util">
      <metrics statements="2" coveredstatements="2" conditionals="0" coveredconditionals="0" methods="1" coveredmethods="1"/>
      <file name="database.ts" path="/Users/victorisaikin/Web/Node/Project/back-app-RestAPI-legendcity/src/util/database.ts">
        <metrics statements="2" coveredstatements="2" conditionals="0" coveredconditionals="0" methods="1" coveredmethods="1"/>
        <line num="3" count="1" type="stmt"/>
        <line num="11" count="1" type="stmt"/>
      </file>
    </package>
  </project>
</coverage>
