{"/Users/victorisaikin/Web/Node/Project/back-app-RestAPI-legendcity/src/models/task.model.ts": {"path":"/Users/victorisaikin/Web/Node/Project/back-app-RestAPI-legendcity/src/models/task.model.ts","statementMap":{"0":{"start":{"line":24,"column":12},"end":{"line":24,"column":13}},"1":{"start":{"line":25,"column":12},"end":{"line":25,"column":15}},"2":{"start":{"line":26,"column":15},"end":{"line":26,"column":33}},"3":{"start":{"line":36,"column":4},"end":{"line":36,"column":37}},"4":{"start":{"line":40,"column":4},"end":{"line":40,"column":37}},"5":{"start":{"line":48,"column":4},"end":{"line":48,"column":41}},"6":{"start":{"line":52,"column":4},"end":{"line":52,"column":41}}},"fnMap":{"0":{"name":"(anonymous_0)","decl":{"start":{"line":33,"column":2},"end":{"line":33,"column":3}},"loc":{"start":{"line":35,"column":21},"end":{"line":37,"column":3}},"line":35},"1":{"name":"(anonymous_1)","decl":{"start":{"line":39,"column":2},"end":{"line":39,"column":3}},"loc":{"start":{"line":39,"column":26},"end":{"line":41,"column":3}},"line":39},"2":{"name":"(anonymous_2)","decl":{"start":{"line":43,"column":2},"end":{"line":43,"column":3}},"loc":{"start":{"line":47,"column":25},"end":{"line":49,"column":3}},"line":47},"3":{"name":"(anonymous_3)","decl":{"start":{"line":51,"column":2},"end":{"line":51,"column":3}},"loc":{"start":{"line":51,"column":30},"end":{"line":53,"column":3}},"line":51}},"branchMap":{},"s":{"0":1,"1":1,"2":1,"3":0,"4":0,"5":0,"6":0},"f":{"0":0,"1":0,"2":0,"3":0},"b":{},"_coverageSchema":"43e27e138ebf9cfc5966b082cf9a028302ed4184","hash":"a792776a1e7f5901def5d19d7199d083e11f3a5f"}
,"/Users/victorisaikin/Web/Node/Project/back-app-RestAPI-legendcity/src/util/database.ts": {"path":"/Users/victorisaikin/Web/Node/Project/back-app-RestAPI-legendcity/src/util/database.ts","statementMap":{"0":{"start":{"line":3,"column":30},"end":{"line":13,"column":2}},"1":{"start":{"line":11,"column":4},"end":{"line":11,"column":86}}},"fnMap":{"0":{"name":"(anonymous_0)","decl":{"start":{"line":10,"column":14},"end":{"line":10,"column":15}},"loc":{"start":{"line":10,"column":36},"end":{"line":12,"column":3}},"line":10}},"branchMap":{},"s":{"0":1,"1":1},"f":{"0":1},"b":{},"_coverageSchema":"43e27e138ebf9cfc5966b082cf9a028302ed4184","hash":"64073837125f71492644de61d0bcd8a91b6601d3"}
}
