TN:
SF:/Users/victorisaikin/Web/Node/Project/back-app-RestAPI-legendcity/src/models/task.model.ts
FN:33,(anonymous_0)
FN:39,(anonymous_1)
FN:43,(anonymous_2)
FN:51,(anonymous_3)
FNF:4
FNH:0
FNDA:0,(anonymous_0)
FNDA:0,(anonymous_1)
FNDA:0,(anonymous_2)
FNDA:0,(anonymous_3)
DA:24,1
DA:25,1
DA:26,1
DA:36,0
DA:40,0
DA:48,0
DA:52,0
LF:7
LH:3
BRF:0
BRH:0
end_of_record
TN:
SF:/Users/victorisaikin/Web/Node/Project/back-app-RestAPI-legendcity/src/util/database.ts
FN:10,(anonymous_0)
FNF:1
FNH:1
FNDA:1,(anonymous_0)
DA:3,1
DA:11,1
LF:2
LH:2
BRF:0
BRH:0
end_of_record
